{"name": "test_choices_color[black_color]", "status": "failed", "statusDetails": {"message": "AssertionError: assert 500 == 201\n +  where 500 = <Response [500]>.status_code", "trace": "self = <test_create_order.TestCreateOrder object at 0x000001FEA5607750>\ngenerate_order_payloads = {'address': 'Konoha, 142 apt.', 'color': ['BLACK'], 'comment': 'Saske, come back to Konoha', 'deliveryDate': '2020-06-06', ...}\n\n    @pytest.mark.parametrize(\n        \"generate_order_payloads\",\n        [\n            \"black_color\",\n            \"grey_color\",\n            \"both_color\",\n            \"no_color\",\n            \"no_param_color\",\n        ],\n        indirect=[\"generate_order_payloads\"],\n        ids=[\n            \"black_color\",\n            \"grey_color\",\n            \"both_color\",\n            \"no_color\",\n            \"no_param_color\",\n        ],\n    )\n    def test_choices_color(self, generate_order_payloads):\n        response = requests.post(\n            url=f\"{os.getenv('BASE_URL')}{ApiEndPoints.CREATE_ORDER.value}\",\n            data=generate_order_payloads,\n        )\n    \n>       assert response.status_code == 201\nE       assert 500 == 201\nE        +  where 500 = <Response [500]>.status_code\n\ntests\\test_create_order.py:36: AssertionError"}, "parameters": [{"name": "generate_order_payloads", "value": "'black_color'"}], "start": 1736611301091, "stop": 1736611301307, "uuid": "70c0b47a-4ca4-41fb-8d02-756078305c3b", "historyId": "23bd243301b678cda04dc79b1b353b68", "testCaseId": "569c0102abe83836cf382d70e7e9a6c8", "fullName": "tests.test_create_order.TestCreateOrder#test_choices_color", "labels": [{"name": "parentSuite", "value": "tests"}, {"name": "suite", "value": "test_create_order"}, {"name": "subSuite", "value": "TestCreateOrder"}, {"name": "host", "value": "home"}, {"name": "thread", "value": "34708-MainThread"}, {"name": "framework", "value": "pytest"}, {"name": "language", "value": "cpython3"}, {"name": "package", "value": "tests.test_create_order"}]}